[2022-08-17 17:23:43.094] [error] TypeError: Object has been destroyed
    at WindowMain.<anonymous> (/usr/lib/bitwarden/app.asar/main.js:49732:36)
    at Generator.next (<anonymous>)
    at /usr/lib/bitwarden/app.asar/main.js:49546:71
    at new Promise (<anonymous>)
    at window_main_awaiter (/usr/lib/bitwarden/app.asar/main.js:49542:12)
    at WindowMain.updateWindowState (/usr/lib/bitwarden/app.asar/main.js:49727:16)
    at WindowMain.<anonymous> (/usr/lib/bitwarden/app.asar/main.js:49681:28)
    at Generator.next (<anonymous>)
    at /usr/lib/bitwarden/app.asar/main.js:49546:71
    at new Promise (<anonymous>)
[2022-08-17 19:29:31.929] [error] TypeError: Object has been destroyed
    at WindowMain.<anonymous> (/usr/lib/bitwarden/app.asar/main.js:49732:36)
    at Generator.next (<anonymous>)
    at /usr/lib/bitwarden/app.asar/main.js:49546:71
    at new Promise (<anonymous>)
    at window_main_awaiter (/usr/lib/bitwarden/app.asar/main.js:49542:12)
    at WindowMain.updateWindowState (/usr/lib/bitwarden/app.asar/main.js:49727:16)
    at WindowMain.<anonymous> (/usr/lib/bitwarden/app.asar/main.js:49681:28)
    at Generator.next (<anonymous>)
    at /usr/lib/bitwarden/app.asar/main.js:49546:71
    at new Promise (<anonymous>)
[2022-08-18 09:18:46.224] [error] TypeError: Object has been destroyed
    at WindowMain.<anonymous> (/usr/lib/bitwarden/app.asar/main.js:49732:36)
    at Generator.next (<anonymous>)
    at /usr/lib/bitwarden/app.asar/main.js:49546:71
    at new Promise (<anonymous>)
    at window_main_awaiter (/usr/lib/bitwarden/app.asar/main.js:49542:12)
    at WindowMain.updateWindowState (/usr/lib/bitwarden/app.asar/main.js:49727:16)
    at WindowMain.<anonymous> (/usr/lib/bitwarden/app.asar/main.js:49681:28)
    at Generator.next (<anonymous>)
    at /usr/lib/bitwarden/app.asar/main.js:49546:71
    at new Promise (<anonymous>)
